<?xml version="1.0" encoding="UTF-8"?>
<testsuite xmlns:xsi="http://www.w3.org/2001/XMLSchema-instance" xsi:noNamespaceSchemaLocation="https://maven.apache.org/surefire/maven-surefire-plugin/xsd/surefire-test-report-3.0.xsd" version="3.0" name="ar.edu.utn.dds.k3003.repository.SolicitudRepoTest" time="13.885" tests="4" errors="0" skipped="1" failures="0">
  <properties>
[...]
</properties>
  <testcase name="testAgregarSolicitud" classname="ar.edu.utn.dds.k3003.repository.SolicitudRepoTest" time="1.303">
    <system-out><![CDATA[11:27:41.272 [main] INFO org.springframework.test.context.support.AnnotationConfigContextLoaderUtils -- Could not detect default configuration classes for test class [ar.edu.utn.dds.k3003.repository.SolicitudRepoTest]: SolicitudRepoTest does not declare any static, non-private, non-final, nested classes annotated with @Configuration.
11:27:41.508 [main] INFO org.springframework.boot.test.context.SpringBootTestContextBootstrapper -- Found @SpringBootConfiguration ar.edu.utn.dds.k3003.Application for test class ar.edu.utn.dds.k3003.repository.SolicitudRepoTest
11:27:41.778 [main] INFO org.springframework.boot.devtools.restart.RestartApplicationListener -- Restart disabled due to context in which it is running

  .   ____          _            __ _ _
 /\\ / ___'_ __ _ _(_)_ __  __ _ \ \ \ \
( ( )\___ | '_ | '_| | '_ \/ _` | \ \ \ \
 \\/  ___)| |_)| | | | | || (_| |  ) ) ) )
  '  |____| .__|_| |_|_| |_\__, | / / / /
 =========|_|==============|___/=/_/_/_/
 :: Spring Boot ::                (v3.2.3)

2025-08-24T11:27:42.343-03:00  INFO 5715 --- [           main] a.e.u.d.k.repository.SolicitudRepoTest   : Starting SolicitudRepoTest using Java 21.0.7 with PID 5715 (started by julian in /home/julian/UTN/DDS/TPADDSI2025-Solicitudes)
2025-08-24T11:27:42.345-03:00 DEBUG 5715 --- [           main] a.e.u.d.k.repository.SolicitudRepoTest   : Running with Spring Boot v3.2.3, Spring v6.1.4
2025-08-24T11:27:42.347-03:00  INFO 5715 --- [           main] a.e.u.d.k.repository.SolicitudRepoTest   : No active profile set, falling back to 1 default profile: "default"
2025-08-24T11:27:42.417-03:00 DEBUG 5715 --- [           main] o.s.w.c.s.GenericWebApplicationContext   : Refreshing org.springframework.web.context.support.GenericWebApplicationContext@3ee39da0
2025-08-24T11:27:43.580-03:00  INFO 5715 --- [           main] .s.d.r.c.RepositoryConfigurationDelegate : Bootstrapping Spring Data JPA repositories in DEFAULT mode.
2025-08-24T11:27:43.671-03:00  INFO 5715 --- [           main] .s.d.r.c.RepositoryConfigurationDelegate : Finished Spring Data repository scanning in 78 ms. Found 1 JPA repository interface.
2025-08-24T11:27:45.795-03:00  INFO 5715 --- [           main] o.hibernate.jpa.internal.util.LogHelper  : HHH000204: Processing PersistenceUnitInfo [name: default]
2025-08-24T11:27:45.933-03:00  INFO 5715 --- [           main] org.hibernate.Version                    : HHH000412: Hibernate ORM core version 6.4.4.Final
2025-08-24T11:27:46.009-03:00  INFO 5715 --- [           main] o.h.c.internal.RegionFactoryInitiator    : HHH000026: Second-level cache disabled
2025-08-24T11:27:46.554-03:00  INFO 5715 --- [           main] o.s.o.j.p.SpringPersistenceUnitInfo      : No LoadTimeWeaver setup: ignoring JPA class transformer
2025-08-24T11:27:46.615-03:00  INFO 5715 --- [           main] com.zaxxer.hikari.HikariDataSource       : HikariPool-1 - Starting...
2025-08-24T11:27:46.970-03:00  INFO 5715 --- [           main] com.zaxxer.hikari.pool.HikariPool        : HikariPool-1 - Added connection conn0: url=jdbc:h2:mem:testdb user=SA
2025-08-24T11:27:46.973-03:00  INFO 5715 --- [           main] com.zaxxer.hikari.HikariDataSource       : HikariPool-1 - Start completed.
2025-08-24T11:27:47.012-03:00  WARN 5715 --- [           main] org.hibernate.orm.deprecation            : HHH90000025: H2Dialect does not need to be specified explicitly using 'hibernate.dialect' (remove the property setting and it will be selected by default)
2025-08-24T11:27:48.375-03:00  INFO 5715 --- [           main] o.h.e.t.j.p.i.JtaPlatformInitiator       : HHH000489: No JTA platform available (set 'hibernate.transaction.jta.platform' to enable JTA platform integration)
Hibernate: create table solicitud (id varchar(255) not null, descripcion varchar(255), estado tinyint check (estado between 0 and 4), hecho_id varchar(255), primary key (id))
2025-08-24T11:27:48.471-03:00  INFO 5715 --- [           main] j.LocalContainerEntityManagerFactoryBean : Initialized JPA EntityManagerFactory for persistence unit 'default'
2025-08-24T11:27:49.243-03:00  INFO 5715 --- [           main] o.s.d.j.r.query.QueryEnhancerFactory     : Hibernate is in classpath; If applicable, HQL parser will be used.
2025-08-24T11:27:50.746-03:00  WARN 5715 --- [           main] JpaBaseConfiguration$JpaWebConfiguration : spring.jpa.open-in-view is enabled by default. Therefore, database queries may be performed during view rendering. Explicitly configure spring.jpa.open-in-view to disable this warning
2025-08-24T11:27:50.826-03:00  INFO 5715 --- [           main] o.s.b.a.w.s.WelcomePageHandlerMapping    : Adding welcome page: class path resource [static/index.html]
2025-08-24T11:27:51.001-03:00 DEBUG 5715 --- [           main] s.w.s.m.m.a.RequestMappingHandlerMapping : 6 mappings in 'requestMappingHandlerMapping'
2025-08-24T11:27:51.321-03:00 DEBUG 5715 --- [           main] o.s.w.s.handler.SimpleUrlHandlerMapping  : Patterns [/webjars/**, /**] in 'resourceHandlerMapping'
2025-08-24T11:27:51.414-03:00 DEBUG 5715 --- [           main] s.w.s.m.m.a.RequestMappingHandlerAdapter : ControllerAdvice beans: 0 @ModelAttribute, 0 @InitBinder, 1 RequestBodyAdvice, 1 ResponseBodyAdvice
2025-08-24T11:27:51.501-03:00 DEBUG 5715 --- [           main] .m.m.a.ExceptionHandlerExceptionResolver : ControllerAdvice beans: 1 @ExceptionHandler, 1 ResponseBodyAdvice
2025-08-24T11:27:52.544-03:00  INFO 5715 --- [           main] o.s.b.a.h2.H2ConsoleAutoConfiguration    : H2 console available at '/h2-console'. Database available at 'jdbc:h2:mem:testdb'
2025-08-24T11:27:52.665-03:00  INFO 5715 --- [           main] o.s.b.a.e.web.EndpointLinksResolver      : Exposing 13 endpoint(s) beneath base path '/actuator'
2025-08-24T11:27:52.878-03:00  INFO 5715 --- [           main] a.e.u.d.k.repository.SolicitudRepoTest   : Started SolicitudRepoTest in 11.121 seconds (process running for 13.017)
Hibernate: select s1_0.id,s1_0.descripcion,s1_0.estado,s1_0.hecho_id from solicitud s1_0 where s1_0.id=?
Hibernate: insert into solicitud (descripcion,estado,hecho_id,id) values (?,?,?,?)
Hibernate: select s1_0.id,s1_0.descripcion,s1_0.estado,s1_0.hecho_id from solicitud s1_0 where s1_0.id=?
]]></system-out>
    <system-err><![CDATA[SLF4J(W): Class path contains multiple SLF4J providers.
SLF4J(W): Found provider [ch.qos.logback.classic.spi.LogbackServiceProvider@68e5eea7]
SLF4J(W): Found provider [org.slf4j.simple.SimpleServiceProvider@291b4bf5]
SLF4J(W): See https://www.slf4j.org/codes.html#multiple_bindings for an explanation.
SLF4J(I): Actual provider is of type [ch.qos.logback.classic.spi.LogbackServiceProvider@68e5eea7]
WARNING: A Java agent has been loaded dynamically (/home/julian/.m2/repository/net/bytebuddy/byte-buddy-agent/1.14.12/byte-buddy-agent-1.14.12.jar)
WARNING: If a serviceability tool is in use, please run with -XX:+EnableDynamicAgentLoading to hide this warning
WARNING: If a serviceability tool is not in use, please run with -Djdk.instrument.traceUsage for more information
WARNING: Dynamic loading of agents will be disallowed by default in a future release
]]></system-err>
  </testcase>
  <testcase name="testBorrarSolicitudNoExistente" classname="ar.edu.utn.dds.k3003.repository.SolicitudRepoTest" time="0.0">
    <skipped message="void ar.edu.utn.dds.k3003.repository.SolicitudRepoTest.testBorrarSolicitudNoExistente() is @Disabled"/>
  </testcase>
  <testcase name="testBuscarSolicitudPorHecho" classname="ar.edu.utn.dds.k3003.repository.SolicitudRepoTest" time="0.213">
    <system-out><![CDATA[Hibernate: select s1_0.id,s1_0.descripcion,s1_0.estado,s1_0.hecho_id from solicitud s1_0 where s1_0.id=?
Hibernate: insert into solicitud (descripcion,estado,hecho_id,id) values (?,?,?,?)
Hibernate: select s1_0.id,s1_0.descripcion,s1_0.estado,s1_0.hecho_id from solicitud s1_0 where s1_0.id=?
Hibernate: select s1_0.id,s1_0.descripcion,s1_0.estado,s1_0.hecho_id from solicitud s1_0 where s1_0.id=?
Hibernate: update solicitud set descripcion=?,estado=?,hecho_id=? where id=?
Hibernate: select s1_0.id,s1_0.descripcion,s1_0.estado,s1_0.hecho_id from solicitud s1_0 where s1_0.hecho_id=?
]]></system-out>
  </testcase>
  <testcase name="testBorrarSolicitud" classname="ar.edu.utn.dds.k3003.repository.SolicitudRepoTest" time="0.092">
    <system-out><![CDATA[Hibernate: select s1_0.id,s1_0.descripcion,s1_0.estado,s1_0.hecho_id from solicitud s1_0 where s1_0.id=?
Hibernate: delete from solicitud where id=?
Hibernate: select s1_0.id,s1_0.descripcion,s1_0.estado,s1_0.hecho_id from solicitud s1_0 where s1_0.id=?
]]></system-out>
  </testcase>
</testsuite>