<?xml version="1.0" encoding="UTF-8"?>
<testsuite xmlns:xsi="http://www.w3.org/2001/XMLSchema-instance" xsi:noNamespaceSchemaLocation="https://maven.apache.org/surefire/maven-surefire-plugin/xsd/surefire-test-report-3.0.xsd" version="3.0" name="ar.edu.utn.dds.k3003.controller.SolicitudControllerTest" time="5.372" tests="5" errors="0" skipped="0" failures="0">
  <properties>
[...]
</properties>
  <testcase name="patchSolicitud" classname="ar.edu.utn.dds.k3003.controller.SolicitudControllerTest" time="0.377">
    <system-out><![CDATA[2025-08-24T11:27:54.880-03:00  INFO 5715 --- [           main] t.c.s.AnnotationConfigContextLoaderUtils : Could not detect default configuration classes for test class [ar.edu.utn.dds.k3003.controller.SolicitudControllerTest]: SolicitudControllerTest does not declare any static, non-private, non-final, nested classes annotated with @Configuration.
2025-08-24T11:27:54.976-03:00  INFO 5715 --- [           main] .b.t.c.SpringBootTestContextBootstrapper : Found @SpringBootConfiguration ar.edu.utn.dds.k3003.Application for test class ar.edu.utn.dds.k3003.controller.SolicitudControllerTest
2025-08-24T11:27:54.993-03:00  INFO 5715 --- [           main] o.s.b.d.r.RestartApplicationListener     : Restart disabled due to context in which it is running

  .   ____          _            __ _ _
 /\\ / ___'_ __ _ _(_)_ __  __ _ \ \ \ \
( ( )\___ | '_ | '_| | '_ \/ _` | \ \ \ \
 \\/  ___)| |_)| | | | | || (_| |  ) ) ) )
  '  |____| .__|_| |_|_| |_\__, | / / / /
 =========|_|==============|___/=/_/_/_/
 :: Spring Boot ::                (v3.2.3)

2025-08-24T11:27:55.072-03:00  INFO 5715 --- [           main] a.e.u.d.k.c.SolicitudControllerTest      : Starting SolicitudControllerTest using Java 21.0.7 with PID 5715 (started by julian in /home/julian/UTN/DDS/TPADDSI2025-Solicitudes)
2025-08-24T11:27:55.072-03:00 DEBUG 5715 --- [           main] a.e.u.d.k.c.SolicitudControllerTest      : Running with Spring Boot v3.2.3, Spring v6.1.4
2025-08-24T11:27:55.073-03:00  INFO 5715 --- [           main] a.e.u.d.k.c.SolicitudControllerTest      : No active profile set, falling back to 1 default profile: "default"
2025-08-24T11:27:55.088-03:00 DEBUG 5715 --- [           main] o.s.w.c.s.GenericWebApplicationContext   : Refreshing org.springframework.web.context.support.GenericWebApplicationContext@639f6a0d
2025-08-24T11:27:55.668-03:00  INFO 5715 --- [           main] .s.d.r.c.RepositoryConfigurationDelegate : Bootstrapping Spring Data JPA repositories in DEFAULT mode.
2025-08-24T11:27:55.679-03:00  INFO 5715 --- [           main] .s.d.r.c.RepositoryConfigurationDelegate : Finished Spring Data repository scanning in 10 ms. Found 1 JPA repository interface.
2025-08-24T11:27:57.151-03:00  INFO 5715 --- [           main] o.hibernate.jpa.internal.util.LogHelper  : HHH000204: Processing PersistenceUnitInfo [name: default]
2025-08-24T11:27:57.160-03:00  INFO 5715 --- [           main] o.h.c.internal.RegionFactoryInitiator    : HHH000026: Second-level cache disabled
2025-08-24T11:27:57.180-03:00  INFO 5715 --- [           main] o.s.o.j.p.SpringPersistenceUnitInfo      : No LoadTimeWeaver setup: ignoring JPA class transformer
2025-08-24T11:27:57.185-03:00  INFO 5715 --- [           main] com.zaxxer.hikari.HikariDataSource       : HikariPool-2 - Starting...
2025-08-24T11:27:57.189-03:00  INFO 5715 --- [           main] com.zaxxer.hikari.pool.HikariPool        : HikariPool-2 - Added connection conn10: url=jdbc:h2:mem:testdb user=SA
2025-08-24T11:27:57.190-03:00  INFO 5715 --- [           main] com.zaxxer.hikari.HikariDataSource       : HikariPool-2 - Start completed.
2025-08-24T11:27:57.192-03:00  WARN 5715 --- [           main] org.hibernate.orm.deprecation            : HHH90000025: H2Dialect does not need to be specified explicitly using 'hibernate.dialect' (remove the property setting and it will be selected by default)
2025-08-24T11:27:57.314-03:00  INFO 5715 --- [           main] o.h.e.t.j.p.i.JtaPlatformInitiator       : HHH000489: No JTA platform available (set 'hibernate.transaction.jta.platform' to enable JTA platform integration)
2025-08-24T11:27:57.322-03:00  INFO 5715 --- [           main] j.LocalContainerEntityManagerFactoryBean : Initialized JPA EntityManagerFactory for persistence unit 'default'
2025-08-24T11:27:58.085-03:00  WARN 5715 --- [           main] JpaBaseConfiguration$JpaWebConfiguration : spring.jpa.open-in-view is enabled by default. Therefore, database queries may be performed during view rendering. Explicitly configure spring.jpa.open-in-view to disable this warning
2025-08-24T11:27:58.210-03:00  INFO 5715 --- [           main] o.s.b.a.w.s.WelcomePageHandlerMapping    : Adding welcome page: class path resource [static/index.html]
2025-08-24T11:27:58.290-03:00 DEBUG 5715 --- [           main] s.w.s.m.m.a.RequestMappingHandlerMapping : 6 mappings in 'requestMappingHandlerMapping'
2025-08-24T11:27:58.479-03:00 DEBUG 5715 --- [           main] o.s.w.s.handler.SimpleUrlHandlerMapping  : Patterns [/webjars/**, /**] in 'resourceHandlerMapping'
2025-08-24T11:27:58.526-03:00 DEBUG 5715 --- [           main] s.w.s.m.m.a.RequestMappingHandlerAdapter : ControllerAdvice beans: 0 @ModelAttribute, 0 @InitBinder, 1 RequestBodyAdvice, 1 ResponseBodyAdvice
2025-08-24T11:27:58.560-03:00 DEBUG 5715 --- [           main] .m.m.a.ExceptionHandlerExceptionResolver : ControllerAdvice beans: 1 @ExceptionHandler, 1 ResponseBodyAdvice
2025-08-24T11:27:59.185-03:00  INFO 5715 --- [           main] o.s.b.a.h2.H2ConsoleAutoConfiguration    : H2 console available at '/h2-console'. Database available at 'jdbc:h2:mem:testdb'
2025-08-24T11:27:59.299-03:00 DEBUG 5715 --- [           main] o.s.w.f.ServerHttpObservationFilter      : Filter 'webMvcObservationFilter' configured for use
2025-08-24T11:27:59.302-03:00  INFO 5715 --- [           main] o.s.b.t.m.w.SpringBootMockServletContext : Initializing Spring TestDispatcherServlet ''
2025-08-24T11:27:59.303-03:00  INFO 5715 --- [           main] o.s.t.web.servlet.TestDispatcherServlet  : Initializing Servlet ''
2025-08-24T11:27:59.317-03:00  INFO 5715 --- [           main] o.s.b.a.e.web.EndpointLinksResolver      : Exposing 13 endpoint(s) beneath base path '/actuator'
2025-08-24T11:27:59.359-03:00  INFO 5715 --- [           main] o.s.t.web.servlet.TestDispatcherServlet  : Completed initialization in 50 ms
2025-08-24T11:27:59.437-03:00  INFO 5715 --- [           main] a.e.u.d.k.c.SolicitudControllerTest      : Started SolicitudControllerTest in 4.444 seconds (process running for 19.576)
2025-08-24T11:27:59.647-03:00 DEBUG 5715 --- [           main] s.w.s.m.m.a.RequestMappingHandlerMapping : Mapped to ar.edu.utn.dds.k3003.controller.SolicitudController#actualizarSolicitud(String, EstadoSolicitudBorradoEnum, String)
2025-08-24T11:27:59.699-03:00 DEBUG 5715 --- [           main] m.m.a.RequestResponseBodyMethodProcessor : Read "application/json;charset=UTF-8" to ["{<EOL>  "id": "1",<EOL>  "descripcion": "NuevaDesc",<EOL>  "estado": "RECHAZADA"<EOL>}<EOL>"]
2025-08-24T11:27:59.845-03:00 DEBUG 5715 --- [           main] o.s.w.s.m.m.a.HttpEntityMethodProcessor  : Using 'application/json', given [*/*] and supported [application/json, application/*+json, application/xml;charset=UTF-8, text/xml;charset=UTF-8, application/*+xml;charset=UTF-8]
2025-08-24T11:27:59.847-03:00 DEBUG 5715 --- [           main] o.s.w.s.m.m.a.HttpEntityMethodProcessor  : Nothing to write: null body
]]></system-out>
  </testcase>
  <testcase name="getSolicitudExistenteSolicitudID" classname="ar.edu.utn.dds.k3003.controller.SolicitudControllerTest" time="0.092">
    <system-out><![CDATA[2025-08-24T11:27:59.898-03:00 DEBUG 5715 --- [           main] s.w.s.m.m.a.RequestMappingHandlerMapping : Mapped to ar.edu.utn.dds.k3003.controller.SolicitudController#obtenerSolicitud(String)
2025-08-24T11:27:59.914-03:00 DEBUG 5715 --- [           main] o.s.w.s.m.m.a.HttpEntityMethodProcessor  : Using 'application/json', given [*/*] and supported [application/json, application/*+json, application/xml;charset=UTF-8, text/xml;charset=UTF-8, application/*+xml;charset=UTF-8]
2025-08-24T11:27:59.934-03:00 DEBUG 5715 --- [           main] o.s.w.s.m.m.a.HttpEntityMethodProcessor  : Writing [SolicitudDTO[id=1, descripcion=Solicitud1, estado=CREADA, hechoId=2]]
]]></system-out>
  </testcase>
  <testcase name="getSolicitudNoExistente" classname="ar.edu.utn.dds.k3003.controller.SolicitudControllerTest" time="0.109">
    <system-out><![CDATA[2025-08-24T11:28:00.003-03:00 DEBUG 5715 --- [           main] s.w.s.m.m.a.RequestMappingHandlerMapping : Mapped to ar.edu.utn.dds.k3003.controller.SolicitudController#obtenerSolicitud(String)
2025-08-24T11:28:00.011-03:00 DEBUG 5715 --- [           main] .m.m.a.ExceptionHandlerExceptionResolver : Using @ExceptionHandler ar.edu.utn.dds.k3003.config.GlobalExceptionHandler#handleNoSuchElementException(NoSuchElementException)
2025-08-24T11:28:00.019-03:00 DEBUG 5715 --- [           main] o.s.w.s.m.m.a.HttpEntityMethodProcessor  : Using 'application/json', given [*/*] and supported [application/json, application/*+json, application/xml;charset=UTF-8, text/xml;charset=UTF-8, application/*+xml;charset=UTF-8]
2025-08-24T11:28:00.020-03:00 DEBUG 5715 --- [           main] o.s.w.s.m.m.a.HttpEntityMethodProcessor  : Writing [{error=Not Found, message=No value present}]
2025-08-24T11:28:00.027-03:00 DEBUG 5715 --- [           main] .m.m.a.ExceptionHandlerExceptionResolver : Resolved [java.util.NoSuchElementException: No value present]
]]></system-out>
  </testcase>
  <testcase name="getSolicitudExistenteHechoID" classname="ar.edu.utn.dds.k3003.controller.SolicitudControllerTest" time="0.029">
    <system-out><![CDATA[2025-08-24T11:28:00.111-03:00 DEBUG 5715 --- [           main] s.w.s.m.m.a.RequestMappingHandlerMapping : Mapped to ar.edu.utn.dds.k3003.controller.SolicitudController#obtenerSolicitudPorHecho(String)
2025-08-24T11:28:00.120-03:00 DEBUG 5715 --- [           main] o.s.w.s.m.m.a.HttpEntityMethodProcessor  : Using 'application/json', given [*/*] and supported [application/json, application/*+json, application/xml;charset=UTF-8, text/xml;charset=UTF-8, application/*+xml;charset=UTF-8]
2025-08-24T11:28:00.121-03:00 DEBUG 5715 --- [           main] o.s.w.s.m.m.a.HttpEntityMethodProcessor  : Writing [[SolicitudDTO[id=1, descripcion=Solicitud1, estado=CREADA, hechoId=2]]]
]]></system-out>
  </testcase>
  <testcase name="postSolicitud" classname="ar.edu.utn.dds.k3003.controller.SolicitudControllerTest" time="0.079">
    <system-out><![CDATA[2025-08-24T11:28:00.148-03:00 DEBUG 5715 --- [           main] s.w.s.m.m.a.RequestMappingHandlerMapping : Mapped to ar.edu.utn.dds.k3003.controller.SolicitudController#crearSolicitud(SolicitudDTO)
2025-08-24T11:28:00.205-03:00 DEBUG 5715 --- [           main] m.m.a.RequestResponseBodyMethodProcessor : Read "application/json;charset=UTF-8" to [SolicitudDTO[id=1, descripcion=Solicitud1, estado=CREADA, hechoId=2]]
2025-08-24T11:28:00.207-03:00 DEBUG 5715 --- [           main] o.s.w.s.m.m.a.HttpEntityMethodProcessor  : Using 'application/json', given [*/*] and supported [application/json, application/*+json, application/xml;charset=UTF-8, text/xml;charset=UTF-8, application/*+xml;charset=UTF-8]
2025-08-24T11:28:00.208-03:00 DEBUG 5715 --- [           main] o.s.w.s.m.m.a.HttpEntityMethodProcessor  : Writing [SolicitudDTO[id=1, descripcion=Solicitud1, estado=CREADA, hechoId=2]]
]]></system-out>
  </testcase>
</testsuite>